DEBUG:multipart.multipart:Calling on_part_begin with no data
DEBUG:multipart.multipart:Calling on_header_field with data[42:61]
DEBUG:multipart.multipart:Calling on_header_value with data[63:89]
DEBUG:multipart.multipart:Calling on_header_end with no data
DEBUG:multipart.multipart:Calling on_headers_finished with no data
DEBUG:multipart.multipart:Calling on_part_data with data[93:102]
DEBUG:multipart.multipart:Calling on_part_end with no data
DEBUG:multipart.multipart:Calling on_part_begin with no data
DEBUG:multipart.multipart:Calling on_header_field with data[146:165]
DEBUG:multipart.multipart:Calling on_header_value with data[167:190]
DEBUG:multipart.multipart:Calling on_header_end with no data
DEBUG:multipart.multipart:Calling on_headers_finished with no data
DEBUG:multipart.multipart:Calling on_part_data with data[194:207]
DEBUG:multipart.multipart:Calling on_part_end with no data
DEBUG:multipart.multipart:Calling on_part_begin with no data
DEBUG:multipart.multipart:Calling on_header_field with data[251:270]
DEBUG:multipart.multipart:Calling on_header_value with data[272:295]
DEBUG:multipart.multipart:Calling on_header_end with no data
DEBUG:multipart.multipart:Calling on_headers_finished with no data
DEBUG:multipart.multipart:Calling on_part_data with data[299:312]
DEBUG:multipart.multipart:Calling on_part_end with no data
DEBUG:multipart.multipart:Calling on_part_begin with no data
DEBUG:multipart.multipart:Calling on_header_field with data[356:375]
DEBUG:multipart.multipart:Calling on_header_value with data[377:403]
DEBUG:multipart.multipart:Calling on_header_end with no data
DEBUG:multipart.multipart:Calling on_headers_finished with no data
DEBUG:multipart.multipart:Calling on_part_data with data[407:415]
DEBUG:multipart.multipart:Calling on_part_end with no data
DEBUG:multipart.multipart:Calling on_part_begin with no data
DEBUG:multipart.multipart:Calling on_header_field with data[459:478]
DEBUG:multipart.multipart:Calling on_header_value with data[480:503]
DEBUG:multipart.multipart:Calling on_header_end with no data
DEBUG:multipart.multipart:Calling on_headers_finished with no data
DEBUG:multipart.multipart:Calling on_part_end with no data
DEBUG:multipart.multipart:Calling on_end with no data
INFO:src.auth.auth:sign up request with data: email='test@test.com' username='test_user' phone='+375441234561' password='12345678'
WARNING:passlib.handlers.bcrypt:(trapped) error reading bcrypt version
Traceback (most recent call last):
  File "/home/blessedboy/PycharmProjects/UsersManagementService/.venv/lib/python3.10/site-packages/passlib/handlers/bcrypt.py", line 620, in _load_backend_mixin
    version = _bcrypt.__about__.__version__
AttributeError: module 'bcrypt' has no attribute '__about__'
DEBUG:passlib.handlers.bcrypt:detected 'bcrypt' backend, version '<unknown>'
DEBUG:passlib.handlers.bcrypt:'bcrypt' backend lacks $2$ support, enabling workaround
ERROR:src.auth.auth:sign up failed with Integrity Error
DEBUG:multipart.multipart:Calling on_field_start with no data
DEBUG:multipart.multipart:Calling on_field_name with data[0:10]
DEBUG:multipart.multipart:Calling on_field_end with no data
DEBUG:multipart.multipart:Calling on_field_start with no data
DEBUG:multipart.multipart:Calling on_field_name with data[12:20]
DEBUG:multipart.multipart:Calling on_field_data with data[21:31]
DEBUG:multipart.multipart:Calling on_field_end with no data
DEBUG:multipart.multipart:Calling on_field_start with no data
DEBUG:multipart.multipart:Calling on_field_name with data[32:40]
DEBUG:multipart.multipart:Calling on_field_data with data[41:49]
DEBUG:multipart.multipart:Calling on_field_end with no data
DEBUG:multipart.multipart:Calling on_field_start with no data
DEBUG:multipart.multipart:Calling on_field_name with data[50:55]
DEBUG:multipart.multipart:Calling on_field_end with no data
DEBUG:multipart.multipart:Calling on_field_start with no data
DEBUG:multipart.multipart:Calling on_field_name with data[57:66]
DEBUG:multipart.multipart:Calling on_field_end with no data
DEBUG:multipart.multipart:Calling on_field_start with no data
DEBUG:multipart.multipart:Calling on_field_name with data[68:81]
DEBUG:multipart.multipart:Calling on_field_end with no data
DEBUG:multipart.multipart:Calling on_end with no data
INFO:src.auth.auth:login request with data: <fastapi.security.oauth2.OAuth2PasswordRequestForm object at 0x76c206ba4850>
WARNING:passlib.handlers.bcrypt:(trapped) error reading bcrypt version
Traceback (most recent call last):
  File "/home/blessedboy/PycharmProjects/UsersManagementService/.venv/lib/python3.10/site-packages/passlib/handlers/bcrypt.py", line 620, in _load_backend_mixin
    version = _bcrypt.__about__.__version__
AttributeError: module 'bcrypt' has no attribute '__about__'
DEBUG:passlib.handlers.bcrypt:detected 'bcrypt' backend, version '<unknown>'
DEBUG:passlib.handlers.bcrypt:'bcrypt' backend lacks $2$ support, enabling workaround
